[LOG] Failed to check user information. The panel did not respond correctly.
[LOG] Failed to check user information. The panel did not respond correctly.
[LOG] Failed to check user information. The panel did not respond correctly.
[LOG] Failed to check user information. The panel did not respond correctly.
[LOG] Failed to check user information. The panel did not respond correctly.
[LOG] Failed to check user information. The panel did not respond correctly.
[LOG] Failed to check user information. The panel did not respond correctly.
[LOG] Failed to check user information. The panel did not respond correctly.
[LOG] Failed to check user information. The panel did not respond correctly.
[LOG] Failed to check user information. The panel did not respond correctly.
[LOG] Failed to check user information. The panel did not respond correctly.
[LOG] Failed to check user information. The panel did not respond correctly.
[LOG] Failed to check user information. The panel did not respond correctly.
[LOG] Failed to check user information. The panel did not respond correctly.
[LOG] Failed to check user information. The panel did not respond correctly.
[LOG] Failed to check user information. The panel did not respond correctly.
[LOG] Failed to check user information. The panel did not respond correctly.
[LOG] Failed to check user information. The panel did not respond correctly.
[LOG] Failed to check user information. The panel did not respond correctly.
[LOG] Failed to check user information. The panel did not respond correctly.
[LOG] Failed to check user information. The panel did not respond correctly.
[LOG] Failed to check user information. The panel did not respond correctly.
[LOG] Failed to check user information. The panel did not respond correctly.
[LOG] Failed to check user information. The panel did not respond correctly.
[LOG] Failed to check user information. The panel did not respond correctly.
[LOG] Failed to check user information. The panel did not respond correctly.
[LOG] Failed to check user information. The panel did not respond correctly.
[LOG] Failed to check user information. The panel did not respond correctly.
[LOG] Failed to check user information. The panel did not respond correctly.
[LOG] Failed to check user information. The panel did not respond correctly.
[LOG] Failed to check user information. The panel did not respond correctly.
[LOG] Failed to check user information. The panel did not respond correctly.
[LOG] Failed to check user information. The panel did not respond correctly.
[LOG] Failed to check user information. The panel did not respond correctly.
[LOG] Failed to check user information. The panel did not respond correctly.
[LOG] Failed to check user information. The panel did not respond correctly.
[LOG] Failed to check user information. The panel did not respond correctly.
[LOG] Failed to check user information. The panel did not respond correctly.
[LOG] Failed to check user information. The panel did not respond correctly.
[LOG] Failed to check user information. The panel did not respond correctly.
[LOG] Failed to check user information. The panel did not respond correctly.
[LOG] Failed to check user information. The panel did not respond correctly.
[LOG] Failed to check user information. The panel did not respond correctly.
[LOG] Failed to check user information. The panel did not respond correctly.
[LOG] Failed to check user information. The panel did not respond correctly.
[LOG] Failed to check user information. The panel did not respond correctly.
[LOG] Failed to check user information. The panel did not respond correctly.
[LOG] Failed to check user information. The panel did not respond correctly.
[LOG] Failed to check user information. The panel did not respond correctly.
[LOG] Failed to check user information. The panel did not respond correctly.
[LOG] Failed to check user information. The panel did not respond correctly.
[LOG] Failed to check user information. The panel did not respond correctly.
[LOG] Failed to check user information. The panel did not respond correctly.
[LOG] Failed to check user information. The panel did not respond correctly.
[LOG] Failed to check user information. The panel did not respond correctly.
[LOG] Failed to check user information. The panel did not respond correctly.
[LOG] Failed to check user information. The panel did not respond correctly.
[LOG] Failed to check user information. The panel did not respond correctly.
[LOG] Failed to check user information. The panel did not respond correctly.
[LOG] Failed to check user information. The panel did not respond correctly.
[LOG] Failed to check user information. The panel did not respond correctly.
[LOG] Failed to check user information. The panel did not respond correctly.
[LOG] Failed to check user information. The panel did not respond correctly.
[LOG] Failed to calculate resources of all servers combined.
[LOG] Failed to calculate resources of all servers combined.
[LOG] Failed to calculate resources of all servers combined.
[LOG] Failed to calculate resources of all servers combined.
[LOG] Failed to calculate resources of all servers combined.
[LOG] Failed to calculate resources of all servers combined.
[LOG] Failed to check user information. The panel did not respond correctly.
[LOG] Failed to calculate resources of all servers combined.
[LOG] Failed to calculate resources of all servers combined.
[LOG] Failed to calculate resources of all servers combined.
[LOG] Failed to check user information. The panel did not respond correctly.
[LOG] Failed to calculate resources of all servers combined.
[LOG] Failed to calculate resources of all servers combined.
[LOG] Failed to calculate resources of all servers combined.
[LOG] Failed to check user information. The panel did not respond correctly.
[LOG] Failed to calculate resources of all servers combined.
[LOG] Failed to calculate resources of all servers combined.
[LOG] Failed to calculate resources of all servers combined.
[LOG] Failed to check user information. The panel did not respond correctly.
[LOG] Failed to calculate resources of all servers combined.
[LOG] Failed to calculate resources of all servers combined.
[LOG] Failed to calculate resources of all servers combined.
[LOG] Failed to check user information. The panel did not respond correctly.
[LOG] Failed to calculate resources of all servers combined.
[LOG] Failed to calculate resources of all servers combined.
[LOG] Failed to calculate resources of all servers combined.
[LOG] Failed to check user information. The panel did not respond correctly.
[LOG] Failed to calculate resources of all servers combined.
[LOG] Failed to calculate resources of all servers combined.
[LOG] Failed to calculate resources of all servers combined.
[LOG] Failed to check user information. The panel did not respond correctly.
[LOG] Failed to calculate resources of all servers combined.
[LOG] Failed to calculate resources of all servers combined.
[LOG] Failed to calculate resources of all servers combined.
[LOG] Failed to check user information. The panel did not respond correctly.
[LOG] Failed to calculate resources of all servers combined.
[LOG] Failed to calculate resources of all servers combined.
[LOG] Failed to calculate resources of all servers combined.
[LOG] Failed to check user information. The panel did not respond correctly.
[LOG] Failed to calculate resources of all servers combined.
[LOG] Failed to calculate resources of all servers combined.
[LOG] Failed to calculate resources of all servers combined.
[LOG] Failed to check user information. The panel did not respond correctly.
[LOG] Failed to calculate resources of all servers combined.
[LOG] Failed to calculate resources of all servers combined.
[LOG] Failed to calculate resources of all servers combined.
[LOG] Failed to check user information. The panel did not respond correctly.
[LOG] Failed to calculate resources of all servers combined.
[LOG] Failed to calculate resources of all servers combined.
[LOG] Failed to calculate resources of all servers combined.
[ERROR] Failed to check user account.
[ERROR] Error during account check.
[LOG] Failed to calculate resources of all servers combined.
[LOG] Failed to calculate resources of all servers combined.
[LOG] Failed to calculate resources of all servers combined.
[LOG] Failed to calculate resources of all servers combined.
[LOG] Failed to calculate resources of all servers combined.
[LOG] Failed to calculate resources of all servers combined.
[ERROR] Failed to create user in Skyport.
[ERROR] Failed to check user account.
[ERROR] Error during account check.
[LOG] Failed to calculate resources of all servers combined.
[LOG] Failed to calculate resources of all servers combined.
[LOG] Failed to calculate resources of all servers combined.
[LOG] Failed to calculate resources of all servers combined.
[LOG] Failed to calculate resources of all servers combined.
[LOG] Failed to calculate resources of all servers combined.
[ERROR] Failed to create user in Skyport.
[ERROR] Failed to check user account.
[ERROR] Error during account check.
[LOG] Failed to calculate resources of all servers combined.
[LOG] Failed to calculate resources of all servers combined.
[LOG] Failed to calculate resources of all servers combined.
[LOG] Failed to calculate resources of all servers combined.
[LOG] Failed to calculate resources of all servers combined.
[LOG] Failed to calculate resources of all servers combined.
[ERROR] Failed to create user in Skyport.
[ERROR] Failed to check user account.
[ERROR] Error during account check.
[LOG] Failed to calculate resources of all servers combined.
[LOG] Failed to calculate resources of all servers combined.
[LOG] Failed to calculate resources of all servers combined.
[ERROR] Failed to create user in Skyport.
[ERROR] Failed to check user account.
[ERROR] Error during account check.
[LOG] Failed to calculate resources of all servers combined.
[LOG] Failed to calculate resources of all servers combined.
[LOG] Failed to calculate resources of all servers combined.
[ERROR] Failed to check user account.
[ERROR] Error during account check.
[LOG] Failed to calculate resources of all servers combined.
[LOG] Failed to calculate resources of all servers combined.
[LOG] Failed to calculate resources of all servers combined.
[ERROR] Failed to check user account.
[ERROR] Error during account check.
[LOG] Failed to calculate resources of all servers combined.
[LOG] Failed to calculate resources of all servers combined.
[LOG] Failed to calculate resources of all servers combined.
[LOG] Failed to calculate resources of all servers combined.
[LOG] Failed to calculate resources of all servers combined.
[LOG] Failed to calculate resources of all servers combined.
[LOG] Failed to calculate resources of all servers combined.
[LOG] Failed to calculate resources of all servers combined.
[LOG] Failed to calculate resources of all servers combined.
[LOG] Failed to calculate resources of all servers combined.
[LOG] Failed to calculate resources of all servers combined.
[LOG] Failed to calculate resources of all servers combined.
[LOG] Failed to calculate resources of all servers combined.
[LOG] Failed to calculate resources of all servers combined.
[LOG] Failed to calculate resources of all servers combined.
[LOG] Failed to calculate resources of all servers combined.
[LOG] Failed to calculate resources of all servers combined.
[LOG] Failed to calculate resources of all servers combined.
[LOG] Failed to calculate resources of all servers combined.
[LOG] Failed to calculate resources of all servers combined.
[LOG] Failed to calculate resources of all servers combined.
[LOG] Failed to calculate resources of all servers combined.
[LOG] Failed to calculate resources of all servers combined.
[LOG] Failed to calculate resources of all servers combined.
[LOG] Failed to calculate resources of all servers combined.
[LOG] Failed to calculate resources of all servers combined.
[LOG] Failed to calculate resources of all servers combined.
[LOG] Failed to calculate resources of all servers combined.
[LOG] Failed to calculate resources of all servers combined.
[LOG] Failed to calculate resources of all servers combined.
[LOG] Failed to calculate resources of all servers combined.
[LOG] Failed to calculate resources of all servers combined.
[LOG] Failed to calculate resources of all servers combined.
[LOG] Failed to calculate resources of all servers combined.
[LOG] Failed to calculate resources of all servers combined.
[LOG] Failed to calculate resources of all servers combined.
[LOG] Failed to calculate resources of all servers combined.
[LOG] Failed to calculate resources of all servers combined.
[LOG] Failed to calculate resources of all servers combined.
[LOG] Failed to calculate resources of all servers combined.
[LOG] Failed to calculate resources of all servers combined.
[LOG] Failed to calculate resources of all servers combined.
[LOG] Failed to calculate resources of all servers combined.
[LOG] Failed to calculate resources of all servers combined.
[LOG] Failed to calculate resources of all servers combined.
[LOG] Failed to calculate resources of all servers combined.
[LOG] Failed to calculate resources of all servers combined.
[LOG] Failed to calculate resources of all servers combined.
[LOG] Failed to calculate resources of all servers combined.
[LOG] Failed to calculate resources of all servers combined.
[LOG] Failed to calculate resources of all servers combined.
[LOG] Failed to calculate resources for user 872546568220340305. Error: skyport is not defined
[LOG] Failed to calculate resources for user 872546568220340305. Error: skyport is not defined
